2019/02/22 23:15:24 [trace] [system.db.CDbConnection] Opening DB connection
in /var/www/html/orderhip.com/protected/extensions/Son/models/SModel.php (90)
in /var/www/html/orderhip.com/protected/extensions/Son/models/SModel.php (797)
in /var/www/html/orderhip.com/protected/extensions/Son/components/SWebUser.php (19)
2019/02/22 23:33:57 [trace] [system.db.CDbConnection] Opening DB connection
in /var/www/html/orderhip.com/protected/extensions/Son/models/SModel.php (90)
in /var/www/html/orderhip.com/protected/extensions/Son/models/SModel.php (797)
in /var/www/html/orderhip.com/protected/extensions/Son/components/SWebUser.php (19)
2019/02/22 23:34:02 [trace] [system.db.CDbConnection] Opening DB connection
in /var/www/html/orderhip.com/protected/extensions/Son/models/SModel.php (90)
in /var/www/html/orderhip.com/protected/extensions/Son/models/SModel.php (797)
in /var/www/html/orderhip.com/protected/extensions/Son/components/SWebUser.php (19)
2019/02/22 23:34:02 [trace] [system.db.CDbConnection] Opening DB connection
in /var/www/html/orderhip.com/protected/extensions/Son/models/SModel.php (90)
in /var/www/html/orderhip.com/protected/extensions/Son/models/SModel.php (797)
in /var/www/html/orderhip.com/protected/extensions/Son/components/SWebUser.php (19)
2019/02/22 23:34:03 [trace] [system.db.CDbConnection] Opening DB connection
in /var/www/html/orderhip.com/protected/extensions/Son/models/SModel.php (90)
in /var/www/html/orderhip.com/protected/extensions/Son/models/SModel.php (797)
in /var/www/html/orderhip.com/protected/extensions/Son/components/SWebUser.php (19)
2019/02/22 23:36:33 [trace] [system.db.CDbConnection] Opening DB connection
in /var/www/html/orderhip.com/protected/extensions/Son/models/SModel.php (90)
in /var/www/html/orderhip.com/protected/extensions/Son/models/SModel.php (797)
in /var/www/html/orderhip.com/protected/extensions/Son/components/SWebUser.php (19)
2019/02/22 23:38:32 [trace] [system.db.CDbConnection] Opening DB connection
in /var/www/html/orderhip.com/protected/extensions/Son/models/SModel.php (90)
in /var/www/html/orderhip.com/protected/extensions/Son/models/SModel.php (797)
in /var/www/html/orderhip.com/protected/extensions/Son/components/SWebUser.php (19)
2019/02/22 23:44:21 [trace] [system.db.CDbConnection] Opening DB connection
in /var/www/html/orderhip.com/protected/extensions/Son/models/SModel.php (90)
in /var/www/html/orderhip.com/protected/extensions/Son/models/SModel.php (797)
in /var/www/html/orderhip.com/protected/extensions/Son/components/SWebUser.php (19)
2019/02/22 23:44:22 [trace] [system.db.CDbConnection] Opening DB connection
in /var/www/html/orderhip.com/protected/extensions/Son/models/SModel.php (90)
in /var/www/html/orderhip.com/protected/extensions/Son/models/SModel.php (797)
in /var/www/html/orderhip.com/protected/extensions/Son/components/SWebUser.php (19)
2019/02/22 23:44:23 [trace] [system.db.CDbConnection] Opening DB connection
in /var/www/html/orderhip.com/protected/extensions/Son/models/SModel.php (90)
in /var/www/html/orderhip.com/protected/extensions/Son/models/SModel.php (797)
in /var/www/html/orderhip.com/protected/extensions/Son/components/SWebUser.php (19)
2019/02/22 23:44:23 [trace] [system.db.CDbConnection] Opening DB connection
in /var/www/html/orderhip.com/protected/extensions/Son/models/SModel.php (90)
in /var/www/html/orderhip.com/protected/extensions/Son/models/SModel.php (797)
in /var/www/html/orderhip.com/protected/extensions/Son/components/SWebUser.php (19)
2019/02/22 23:44:24 [trace] [system.db.CDbConnection] Opening DB connection
in /var/www/html/orderhip.com/protected/extensions/Son/models/SModel.php (90)
in /var/www/html/orderhip.com/protected/extensions/Son/models/SModel.php (797)
in /var/www/html/orderhip.com/protected/extensions/Son/components/SWebUser.php (19)
2019/02/22 23:44:29 [trace] [system.db.CDbConnection] Opening DB connection
in /var/www/html/orderhip.com/protected/extensions/Son/models/SModel.php (90)
in /var/www/html/orderhip.com/protected/extensions/Son/models/SModel.php (797)
in /var/www/html/orderhip.com/protected/extensions/Son/components/SWebUser.php (19)
2019/02/22 23:50:18 [trace] [system.db.CDbConnection] Opening DB connection
in /var/www/html/orderhip.com/protected/extensions/Son/models/SModel.php (90)
in /var/www/html/orderhip.com/protected/extensions/Son/models/SModel.php (797)
in /var/www/html/orderhip.com/protected/extensions/Son/components/SWebUser.php (19)
2019/02/22 23:54:25 [trace] [system.db.CDbConnection] Opening DB connection
in /var/www/html/orderhip.com/protected/extensions/Son/models/SModel.php (90)
in /var/www/html/orderhip.com/protected/extensions/Son/models/SModel.php (797)
in /var/www/html/orderhip.com/protected/extensions/Son/components/SWebUser.php (19)
2019/02/22 23:54:26 [trace] [system.db.CDbConnection] Opening DB connection
in /var/www/html/orderhip.com/protected/extensions/Son/models/SModel.php (90)
in /var/www/html/orderhip.com/protected/extensions/Son/models/SModel.php (797)
in /var/www/html/orderhip.com/protected/extensions/Son/components/SWebUser.php (19)
2019/02/23 01:36:59 [trace] [system.db.CDbConnection] Opening DB connection
in /var/www/html/orderhip.com/protected/extensions/Son/models/SModel.php (90)
in /var/www/html/orderhip.com/protected/extensions/Son/models/SModel.php (797)
in /var/www/html/orderhip.com/protected/extensions/Son/components/SWebUser.php (19)
2019/02/23 01:42:20 [trace] [system.db.CDbConnection] Opening DB connection
in /var/www/html/orderhip.com/protected/extensions/Son/models/SModel.php (90)
in /var/www/html/orderhip.com/protected/extensions/Son/models/SModel.php (797)
in /var/www/html/orderhip.com/protected/extensions/Son/components/SWebUser.php (19)
2019/02/23 01:44:12 [trace] [system.db.CDbConnection] Opening DB connection
in /var/www/html/orderhip.com/protected/extensions/Son/models/SModel.php (90)
in /var/www/html/orderhip.com/protected/extensions/Son/models/SModel.php (797)
in /var/www/html/orderhip.com/protected/extensions/Son/components/SWebUser.php (19)
2019/02/23 01:44:13 [trace] [system.db.CDbConnection] Opening DB connection
in /var/www/html/orderhip.com/protected/extensions/Son/models/SModel.php (90)
in /var/www/html/orderhip.com/protected/extensions/Son/models/SModel.php (797)
in /var/www/html/orderhip.com/protected/extensions/Son/components/SWebUser.php (19)
2019/02/23 01:44:14 [trace] [system.db.CDbConnection] Opening DB connection
in /var/www/html/orderhip.com/protected/extensions/Son/models/SModel.php (90)
in /var/www/html/orderhip.com/protected/extensions/Son/models/SModel.php (797)
in /var/www/html/orderhip.com/protected/extensions/Son/components/SWebUser.php (19)
2019/02/23 01:44:29 [trace] [system.db.CDbConnection] Opening DB connection
in /var/www/html/orderhip.com/protected/extensions/Son/models/SModel.php (90)
in /var/www/html/orderhip.com/protected/extensions/Son/models/SModel.php (797)
in /var/www/html/orderhip.com/protected/extensions/Son/components/SWebUser.php (19)
2019/02/23 01:44:31 [trace] [system.db.CDbConnection] Opening DB connection
in /var/www/html/orderhip.com/protected/extensions/Son/models/SModel.php (90)
in /var/www/html/orderhip.com/protected/extensions/Son/models/SModel.php (797)
in /var/www/html/orderhip.com/protected/extensions/Son/components/SWebUser.php (19)
2019/02/23 01:44:32 [trace] [system.db.CDbConnection] Opening DB connection
in /var/www/html/orderhip.com/protected/extensions/Son/models/SModel.php (90)
in /var/www/html/orderhip.com/protected/extensions/Son/models/SModel.php (797)
in /var/www/html/orderhip.com/protected/extensions/Son/components/SWebUser.php (19)
2019/02/23 01:44:32 [trace] [system.db.CDbConnection] Opening DB connection
in /var/www/html/orderhip.com/protected/extensions/Son/models/SModel.php (90)
in /var/www/html/orderhip.com/protected/extensions/Son/models/SModel.php (797)
in /var/www/html/orderhip.com/protected/extensions/Son/components/SWebUser.php (19)
2019/02/23 02:06:47 [trace] [system.db.CDbConnection] Opening DB connection
in /var/www/html/orderhip.com/protected/extensions/Son/models/SModel.php (90)
in /var/www/html/orderhip.com/protected/extensions/Son/models/SModel.php (797)
in /var/www/html/orderhip.com/protected/extensions/Son/components/SWebUser.php (19)
2019/02/23 02:06:48 [trace] [system.db.CDbConnection] Opening DB connection
in /var/www/html/orderhip.com/protected/extensions/Son/models/SModel.php (90)
in /var/www/html/orderhip.com/protected/extensions/Son/models/SModel.php (797)
in /var/www/html/orderhip.com/protected/extensions/Son/components/SWebUser.php (19)
2019/02/23 02:06:51 [trace] [system.db.CDbConnection] Opening DB connection
in /var/www/html/orderhip.com/protected/extensions/Son/models/SModel.php (90)
in /var/www/html/orderhip.com/protected/extensions/Son/models/SModel.php (797)
in /var/www/html/orderhip.com/protected/extensions/Son/components/SWebUser.php (19)
2019/02/23 02:07:02 [trace] [system.db.CDbConnection] Opening DB connection
in /var/www/html/orderhip.com/protected/extensions/Son/models/SModel.php (90)
in /var/www/html/orderhip.com/protected/extensions/Son/models/SModel.php (797)
in /var/www/html/orderhip.com/protected/extensions/Son/components/SWebUser.php (19)
2019/02/23 22:20:48 [trace] [system.db.CDbConnection] Opening DB connection
in /var/www/html/orderhip.com/protected/extensions/Son/models/SModel.php (90)
in /var/www/html/orderhip.com/protected/extensions/Son/models/SModel.php (797)
in /var/www/html/orderhip.com/protected/extensions/Son/components/SWebUser.php (19)
2019/03/09 16:56:26 [trace] [system.db.CDbConnection] Opening DB connection
in /home/slowak/code/logistic/protected/extensions/Son/models/SModel.php (90)
in /home/slowak/code/logistic/protected/extensions/Son/models/SModel.php (797)
in /home/slowak/code/logistic/protected/extensions/Son/components/SWebUser.php (19)
2019/03/09 16:56:54 [trace] [system.db.CDbConnection] Opening DB connection
in /home/slowak/code/logistic/protected/extensions/Son/models/SModel.php (90)
in /home/slowak/code/logistic/protected/extensions/Son/models/SModel.php (797)
in /home/slowak/code/logistic/protected/extensions/Son/components/SWebUser.php (19)
2019/03/09 16:56:54 [trace] [system.db.CDbCommand] Querying SQL: SHOW FULL COLUMNS FROM `tbl_user`
in /home/slowak/code/logistic/protected/extensions/Son/models/SModel.php (90)
in /home/slowak/code/logistic/protected/extensions/Son/models/SModel.php (797)
in /home/slowak/code/logistic/protected/extensions/Son/components/SWebUser.php (19)
2019/03/09 16:56:54 [trace] [system.db.CDbCommand] Querying SQL: SHOW CREATE TABLE `tbl_user`
in /home/slowak/code/logistic/protected/extensions/Son/models/SModel.php (90)
in /home/slowak/code/logistic/protected/extensions/Son/models/SModel.php (797)
in /home/slowak/code/logistic/protected/extensions/Son/components/SWebUser.php (19)
2019/03/09 16:56:54 [trace] [system.db.ar.CActiveRecord] User.findByPk()
in /home/slowak/code/logistic/protected/extensions/Son/models/SModel.php (801)
in /home/slowak/code/logistic/protected/extensions/Son/components/SWebUser.php (19)
in /home/slowak/code/logistic/protected/extensions/Son/helpers/ArrayHelper.php (5)
2019/03/09 16:56:54 [trace] [system.db.CDbCommand] Querying SQL: SELECT * FROM `tbl_user` `t` WHERE `t`.`id` IS NULL LIMIT 1
in /home/slowak/code/logistic/protected/extensions/Son/models/SModel.php (805)
in /home/slowak/code/logistic/protected/extensions/Son/models/SModel.php (801)
in /home/slowak/code/logistic/protected/extensions/Son/components/SWebUser.php (19)
2019/03/09 16:56:54 [trace] [system.db.CDbCommand] Querying SQL: SHOW FULL COLUMNS FROM `tbl_view`
in /home/slowak/code/logistic/protected/extensions/Son/models/SModel.php (61)
in /home/slowak/code/logistic/protected/components/Controller.php (26)
in /home/slowak/code/logistic/protected/extensions/Son/components/SController.php (46)
2019/03/09 16:56:54 [trace] [system.db.CDbCommand] Querying SQL: SHOW CREATE TABLE `tbl_view`
in /home/slowak/code/logistic/protected/extensions/Son/models/SModel.php (61)
in /home/slowak/code/logistic/protected/components/Controller.php (26)
in /home/slowak/code/logistic/protected/extensions/Son/components/SController.php (46)
2019/03/09 16:56:54 [trace] [system.db.ar.CActiveRecord] User.findByPk()
in /home/slowak/code/logistic/protected/extensions/Son/models/SModel.php (801)
in /home/slowak/code/logistic/protected/extensions/Son/components/SWebUser.php (19)
in /home/slowak/code/logistic/protected/extensions/Son/helpers/ArrayHelper.php (5)
2019/03/09 16:56:54 [trace] [system.db.CDbCommand] Querying SQL: SELECT * FROM `tbl_user` `t` WHERE `t`.`id` IS NULL LIMIT 1
in /home/slowak/code/logistic/protected/extensions/Son/models/SModel.php (805)
in /home/slowak/code/logistic/protected/extensions/Son/models/SModel.php (801)
in /home/slowak/code/logistic/protected/extensions/Son/components/SWebUser.php (19)
2019/03/09 16:56:54 [trace] [system.db.CDbCommand] Query result found in cache
in /home/slowak/code/logistic/protected/extensions/Son/models/SModel.php (805)
in /home/slowak/code/logistic/protected/extensions/Son/models/SModel.php (801)
in /home/slowak/code/logistic/protected/extensions/Son/components/SWebUser.php (19)
2019/03/09 16:56:54 [trace] [system.db.ar.CActiveRecord] Collaborator.findAll()
in /home/slowak/code/logistic/protected/extensions/Son/models/SModel.php (768)
in /home/slowak/code/logistic/protected/views/home/index.php (319)
in /home/slowak/code/logistic/protected/extensions/Son/components/SController.php (68)
2019/03/09 16:56:54 [trace] [system.db.CDbCommand] Querying SQL: SHOW FULL COLUMNS FROM `tbl_collaborator`
in /home/slowak/code/logistic/protected/extensions/Son/models/SModel.php (805)
in /home/slowak/code/logistic/protected/extensions/Son/models/SModel.php (768)
in /home/slowak/code/logistic/protected/views/home/index.php (319)
2019/03/09 16:56:54 [trace] [system.db.CDbCommand] Querying SQL: SHOW CREATE TABLE `tbl_collaborator`
in /home/slowak/code/logistic/protected/extensions/Son/models/SModel.php (805)
in /home/slowak/code/logistic/protected/extensions/Son/models/SModel.php (768)
in /home/slowak/code/logistic/protected/views/home/index.php (319)
2019/03/09 16:56:54 [trace] [system.db.CDbCommand] Querying SQL: SELECT id, name, image, email, phone FROM `tbl_collaborator` `t` WHERE type=:ycp0
in /home/slowak/code/logistic/protected/extensions/Son/models/SModel.php (805)
in /home/slowak/code/logistic/protected/extensions/Son/models/SModel.php (768)
in /home/slowak/code/logistic/protected/views/home/index.php (319)
2019/03/09 16:56:54 [trace] [system.db.ar.CActiveRecord] User.findByPk()
in /home/slowak/code/logistic/protected/extensions/Son/models/SModel.php (801)
in /home/slowak/code/logistic/protected/extensions/Son/components/SWebUser.php (19)
in /home/slowak/code/logistic/protected/extensions/Son/helpers/ArrayHelper.php (5)
2019/03/09 16:56:54 [trace] [system.db.CDbCommand] Querying SQL: SELECT * FROM `tbl_user` `t` WHERE `t`.`id` IS NULL LIMIT 1
in /home/slowak/code/logistic/protected/extensions/Son/models/SModel.php (805)
in /home/slowak/code/logistic/protected/extensions/Son/models/SModel.php (801)
in /home/slowak/code/logistic/protected/extensions/Son/components/SWebUser.php (19)
2019/03/09 16:56:54 [trace] [system.db.CDbCommand] Query result found in cache
in /home/slowak/code/logistic/protected/extensions/Son/models/SModel.php (805)
in /home/slowak/code/logistic/protected/extensions/Son/models/SModel.php (801)
in /home/slowak/code/logistic/protected/extensions/Son/components/SWebUser.php (19)
2019/03/09 16:56:54 [trace] [system.db.ar.CActiveRecord] User.findByPk()
in /home/slowak/code/logistic/protected/extensions/Son/models/SModel.php (801)
in /home/slowak/code/logistic/protected/extensions/Son/components/SWebUser.php (19)
in /home/slowak/code/logistic/protected/extensions/Son/helpers/ArrayHelper.php (5)
2019/03/09 16:56:54 [trace] [system.db.CDbCommand] Querying SQL: SELECT * FROM `tbl_user` `t` WHERE `t`.`id` IS NULL LIMIT 1
in /home/slowak/code/logistic/protected/extensions/Son/models/SModel.php (805)
in /home/slowak/code/logistic/protected/extensions/Son/models/SModel.php (801)
in /home/slowak/code/logistic/protected/extensions/Son/components/SWebUser.php (19)
2019/03/09 16:56:54 [trace] [system.db.CDbCommand] Query result found in cache
in /home/slowak/code/logistic/protected/extensions/Son/models/SModel.php (805)
in /home/slowak/code/logistic/protected/extensions/Son/models/SModel.php (801)
in /home/slowak/code/logistic/protected/extensions/Son/components/SWebUser.php (19)
2019/03/09 16:56:54 [trace] [system.db.ar.CActiveRecord] User.findByPk()
in /home/slowak/code/logistic/protected/extensions/Son/models/SModel.php (801)
in /home/slowak/code/logistic/protected/extensions/Son/components/SWebUser.php (19)
in /home/slowak/code/logistic/protected/extensions/Son/helpers/ArrayHelper.php (5)
2019/03/09 16:56:54 [trace] [system.db.CDbCommand] Querying SQL: SELECT * FROM `tbl_user` `t` WHERE `t`.`id` IS NULL LIMIT 1
in /home/slowak/code/logistic/protected/extensions/Son/models/SModel.php (805)
in /home/slowak/code/logistic/protected/extensions/Son/models/SModel.php (801)
in /home/slowak/code/logistic/protected/extensions/Son/components/SWebUser.php (19)
2019/03/09 16:56:54 [trace] [system.db.CDbCommand] Query result found in cache
in /home/slowak/code/logistic/protected/extensions/Son/models/SModel.php (805)
in /home/slowak/code/logistic/protected/extensions/Son/models/SModel.php (801)
in /home/slowak/code/logistic/protected/extensions/Son/components/SWebUser.php (19)
2019/03/09 16:56:59 [trace] [system.db.CDbConnection] Opening DB connection
in /home/slowak/code/logistic/protected/extensions/Son/models/SModel.php (90)
in /home/slowak/code/logistic/protected/extensions/Son/models/SModel.php (797)
in /home/slowak/code/logistic/protected/extensions/Son/components/SWebUser.php (19)
2019/03/09 16:56:59 [trace] [system.db.CDbCommand] Querying SQL: SHOW FULL COLUMNS FROM `tbl_user`
in /home/slowak/code/logistic/protected/extensions/Son/models/SModel.php (90)
in /home/slowak/code/logistic/protected/extensions/Son/models/SModel.php (797)
in /home/slowak/code/logistic/protected/extensions/Son/components/SWebUser.php (19)
2019/03/09 16:56:59 [trace] [system.db.CDbCommand] Querying SQL: SHOW CREATE TABLE `tbl_user`
in /home/slowak/code/logistic/protected/extensions/Son/models/SModel.php (90)
in /home/slowak/code/logistic/protected/extensions/Son/models/SModel.php (797)
in /home/slowak/code/logistic/protected/extensions/Son/components/SWebUser.php (19)
2019/03/09 16:56:59 [trace] [system.db.ar.CActiveRecord] User.findByPk()
in /home/slowak/code/logistic/protected/extensions/Son/models/SModel.php (801)
in /home/slowak/code/logistic/protected/extensions/Son/components/SWebUser.php (19)
in /home/slowak/code/logistic/protected/extensions/Son/helpers/ArrayHelper.php (5)
2019/03/09 16:56:59 [trace] [system.db.CDbCommand] Querying SQL: SELECT * FROM `tbl_user` `t` WHERE `t`.`id` IS NULL LIMIT 1
in /home/slowak/code/logistic/protected/extensions/Son/models/SModel.php (805)
in /home/slowak/code/logistic/protected/extensions/Son/models/SModel.php (801)
in /home/slowak/code/logistic/protected/extensions/Son/components/SWebUser.php (19)
2019/03/09 16:56:59 [trace] [system.db.CDbCommand] Query result found in cache
in /home/slowak/code/logistic/protected/extensions/Son/models/SModel.php (805)
in /home/slowak/code/logistic/protected/extensions/Son/models/SModel.php (801)
in /home/slowak/code/logistic/protected/extensions/Son/components/SWebUser.php (19)
2019/03/09 16:56:59 [trace] [system.db.CDbCommand] Querying SQL: SHOW FULL COLUMNS FROM `tbl_view`
in /home/slowak/code/logistic/protected/extensions/Son/models/SModel.php (61)
in /home/slowak/code/logistic/protected/components/Controller.php (26)
in /home/slowak/code/logistic/protected/extensions/Son/components/SController.php (29)
2019/03/09 16:56:59 [trace] [system.db.CDbCommand] Querying SQL: SHOW CREATE TABLE `tbl_view`
in /home/slowak/code/logistic/protected/extensions/Son/models/SModel.php (61)
in /home/slowak/code/logistic/protected/components/Controller.php (26)
in /home/slowak/code/logistic/protected/extensions/Son/components/SController.php (29)
2019/03/09 16:56:59 [trace] [system.db.ar.CActiveRecord] User.findByPk()
in /home/slowak/code/logistic/protected/extensions/Son/models/SModel.php (801)
in /home/slowak/code/logistic/protected/extensions/Son/components/SWebUser.php (19)
in /home/slowak/code/logistic/protected/extensions/Son/helpers/ArrayHelper.php (5)
2019/03/09 16:56:59 [trace] [system.db.CDbCommand] Querying SQL: SELECT * FROM `tbl_user` `t` WHERE `t`.`id` IS NULL LIMIT 1
in /home/slowak/code/logistic/protected/extensions/Son/models/SModel.php (805)
in /home/slowak/code/logistic/protected/extensions/Son/models/SModel.php (801)
in /home/slowak/code/logistic/protected/extensions/Son/components/SWebUser.php (19)
2019/03/09 16:56:59 [trace] [system.db.CDbCommand] Query result found in cache
in /home/slowak/code/logistic/protected/extensions/Son/models/SModel.php (805)
in /home/slowak/code/logistic/protected/extensions/Son/models/SModel.php (801)
in /home/slowak/code/logistic/protected/extensions/Son/components/SWebUser.php (19)
2019/03/09 16:56:59 [trace] [system.db.ar.CActiveRecord] User.findByPk()
in /home/slowak/code/logistic/protected/extensions/Son/models/SModel.php (801)
in /home/slowak/code/logistic/protected/extensions/Son/components/SWebUser.php (19)
in /home/slowak/code/logistic/protected/extensions/Son/helpers/ArrayHelper.php (5)
2019/03/09 16:56:59 [trace] [system.db.CDbCommand] Querying SQL: SELECT * FROM `tbl_user` `t` WHERE `t`.`id` IS NULL LIMIT 1
in /home/slowak/code/logistic/protected/extensions/Son/models/SModel.php (805)
in /home/slowak/code/logistic/protected/extensions/Son/models/SModel.php (801)
in /home/slowak/code/logistic/protected/extensions/Son/components/SWebUser.php (19)
2019/03/09 16:56:59 [trace] [system.db.CDbCommand] Query result found in cache
in /home/slowak/code/logistic/protected/extensions/Son/models/SModel.php (805)
in /home/slowak/code/logistic/protected/extensions/Son/models/SModel.php (801)
in /home/slowak/code/logistic/protected/extensions/Son/components/SWebUser.php (19)
2019/03/09 17:01:36 [trace] [system.db.CDbConnection] Opening DB connection
in /home/slowak/code/logistic/protected/extensions/Son/models/SModel.php (90)
in /home/slowak/code/logistic/protected/extensions/Son/models/SModel.php (797)
in /home/slowak/code/logistic/protected/extensions/Son/components/SWebUser.php (19)
2019/03/09 17:01:36 [trace] [system.db.CDbCommand] Querying SQL: SHOW FULL COLUMNS FROM `tbl_user`
in /home/slowak/code/logistic/protected/extensions/Son/models/SModel.php (90)
in /home/slowak/code/logistic/protected/extensions/Son/models/SModel.php (797)
in /home/slowak/code/logistic/protected/extensions/Son/components/SWebUser.php (19)
2019/03/09 17:01:36 [trace] [system.db.CDbCommand] Querying SQL: SHOW CREATE TABLE `tbl_user`
in /home/slowak/code/logistic/protected/extensions/Son/models/SModel.php (90)
in /home/slowak/code/logistic/protected/extensions/Son/models/SModel.php (797)
in /home/slowak/code/logistic/protected/extensions/Son/components/SWebUser.php (19)
2019/03/09 17:01:36 [trace] [system.db.ar.CActiveRecord] User.findByPk()
in /home/slowak/code/logistic/protected/extensions/Son/models/SModel.php (801)
in /home/slowak/code/logistic/protected/extensions/Son/components/SWebUser.php (19)
in /home/slowak/code/logistic/protected/extensions/Son/helpers/ArrayHelper.php (5)
2019/03/09 17:01:36 [trace] [system.db.CDbCommand] Querying SQL: SELECT * FROM `tbl_user` `t` WHERE `t`.`id` IS NULL LIMIT 1
in /home/slowak/code/logistic/protected/extensions/Son/models/SModel.php (805)
in /home/slowak/code/logistic/protected/extensions/Son/models/SModel.php (801)
in /home/slowak/code/logistic/protected/extensions/Son/components/SWebUser.php (19)
2019/03/09 17:01:36 [trace] [system.db.CDbCommand] Query result found in cache
in /home/slowak/code/logistic/protected/extensions/Son/models/SModel.php (805)
in /home/slowak/code/logistic/protected/extensions/Son/models/SModel.php (801)
in /home/slowak/code/logistic/protected/extensions/Son/components/SWebUser.php (19)
2019/03/09 17:01:36 [trace] [system.db.CDbCommand] Querying SQL: SHOW FULL COLUMNS FROM `tbl_view`
in /home/slowak/code/logistic/protected/extensions/Son/models/SModel.php (61)
in /home/slowak/code/logistic/protected/components/Controller.php (26)
in /home/slowak/code/logistic/protected/extensions/Son/components/SController.php (29)
2019/03/09 17:01:36 [trace] [system.db.CDbCommand] Querying SQL: SHOW CREATE TABLE `tbl_view`
in /home/slowak/code/logistic/protected/extensions/Son/models/SModel.php (61)
in /home/slowak/code/logistic/protected/components/Controller.php (26)
in /home/slowak/code/logistic/protected/extensions/Son/components/SController.php (29)
2019/03/09 17:01:36 [trace] [system.db.ar.CActiveRecord] User.findByPk()
in /home/slowak/code/logistic/protected/extensions/Son/models/SModel.php (801)
in /home/slowak/code/logistic/protected/extensions/Son/components/SWebUser.php (19)
in /home/slowak/code/logistic/protected/extensions/Son/helpers/ArrayHelper.php (5)
2019/03/09 17:01:36 [trace] [system.db.CDbCommand] Querying SQL: SELECT * FROM `tbl_user` `t` WHERE `t`.`id` IS NULL LIMIT 1
in /home/slowak/code/logistic/protected/extensions/Son/models/SModel.php (805)
in /home/slowak/code/logistic/protected/extensions/Son/models/SModel.php (801)
in /home/slowak/code/logistic/protected/extensions/Son/components/SWebUser.php (19)
2019/03/09 17:01:36 [trace] [system.db.CDbCommand] Query result found in cache
in /home/slowak/code/logistic/protected/extensions/Son/models/SModel.php (805)
in /home/slowak/code/logistic/protected/extensions/Son/models/SModel.php (801)
in /home/slowak/code/logistic/protected/extensions/Son/components/SWebUser.php (19)
2019/03/09 17:01:36 [trace] [system.db.ar.CActiveRecord] User.findByPk()
in /home/slowak/code/logistic/protected/extensions/Son/models/SModel.php (801)
in /home/slowak/code/logistic/protected/extensions/Son/components/SWebUser.php (19)
in /home/slowak/code/logistic/protected/extensions/Son/helpers/ArrayHelper.php (5)
2019/03/09 17:01:36 [trace] [system.db.CDbCommand] Querying SQL: SELECT * FROM `tbl_user` `t` WHERE `t`.`id` IS NULL LIMIT 1
in /home/slowak/code/logistic/protected/extensions/Son/models/SModel.php (805)
in /home/slowak/code/logistic/protected/extensions/Son/models/SModel.php (801)
in /home/slowak/code/logistic/protected/extensions/Son/components/SWebUser.php (19)
2019/03/09 17:01:36 [trace] [system.db.CDbCommand] Query result found in cache
in /home/slowak/code/logistic/protected/extensions/Son/models/SModel.php (805)
in /home/slowak/code/logistic/protected/extensions/Son/models/SModel.php (801)
in /home/slowak/code/logistic/protected/extensions/Son/components/SWebUser.php (19)
